<?xml version="1.0" encoding="UTF-8"?>
<testng-results skipped="0" failed="0" total="1" passed="1">
  <reporter-output>
  </reporter-output>
  <suite name="Suite" duration-ms="10167" started-at="2016-06-10T10:03:39Z" finished-at="2016-06-10T10:03:49Z">
    <groups>
    </groups>
    <test name="Test" duration-ms="10167" started-at="2016-06-10T10:03:39Z" finished-at="2016-06-10T10:03:49Z">
      <class name="com.pearson.test.LoginTest">
        <test-method status="PASS" signature="setUp()[pri:0, instance:com.pearson.test.LoginTest@59494225]" name="setUp" is-config="true" duration-ms="8786" started-at="2016-06-10T15:33:39Z" finished-at="2016-06-10T15:33:48Z">
          <reporter-output>
          </reporter-output>
        </test-method> <!-- setUp -->
        <test-method status="PASS" signature="testLoginGodwin()[pri:0, instance:com.pearson.test.LoginTest@59494225]" name="testLoginGodwin" duration-ms="833" started-at="2016-06-10T15:33:48Z" finished-at="2016-06-10T15:33:48Z">
          <reporter-output>
          </reporter-output>
        </test-method> <!-- testLoginGodwin -->
        <test-method status="PASS" signature="tearDown()[pri:0, instance:com.pearson.test.LoginTest@59494225]" name="tearDown" is-config="true" duration-ms="523" started-at="2016-06-10T15:33:48Z" finished-at="2016-06-10T15:33:49Z">
          <reporter-output>
          </reporter-output>
        </test-method> <!-- tearDown -->
      </class> <!-- com.pearson.test.LoginTest -->
    </test> <!-- Test -->
  </suite> <!-- Suite -->
</testng-results>
